SF:lib/common/exception.dart
DA:6,3
LF:1
LH:1
end_of_record
SF:lib/data/sources/watch_list_local_data_source.dart
DA:16,1
DA:18,1
DA:21,2
DA:24,2
DA:28,1
DA:31,2
DA:34,2
DA:38,1
DA:40,2
DA:42,1
DA:48,1
DA:50,2
DA:51,4
LF:13
LH:13
end_of_record
SF:lib/data/models/movie_table.dart
DA:15,3
DA:23,2
DA:24,1
DA:25,1
DA:26,1
DA:27,1
DA:28,1
DA:31,1
DA:33,1
DA:34,1
DA:35,1
DA:36,1
DA:37,1
DA:38,1
DA:41,2
DA:42,1
DA:43,1
DA:44,1
DA:45,1
DA:46,1
DA:49,0
DA:50,0
DA:51,0
DA:52,0
DA:53,0
DA:54,0
DA:57,2
DA:58,1
DA:59,1
DA:60,1
DA:61,1
DA:62,1
DA:65,3
DA:66,18
LF:34
LH:28
end_of_record
SF:lib/domain/entities/genre.dart
DA:4,6
DA:12,4
DA:13,12
LF:3
LH:3
end_of_record
SF:lib/domain/entities/movie.dart
DA:4,2
DA:35,2
DA:36,2
DA:37,2
DA:38,2
DA:39,2
DA:40,2
DA:41,2
DA:42,2
DA:43,2
DA:44,2
DA:45,2
DA:46,2
DA:47,2
DA:48,2
DA:49,2
LF:16
LH:16
end_of_record
SF:lib/domain/entities/movie_detail.dart
DA:6,3
DA:34,1
DA:35,1
DA:36,1
DA:37,1
DA:38,1
DA:39,1
DA:40,1
DA:41,1
DA:42,1
DA:43,1
DA:44,1
DA:45,1
DA:46,1
LF:14
LH:14
end_of_record
SF:lib/domain/entities/watchlist.dart
DA:5,2
DA:19,1
DA:20,1
DA:21,1
DA:22,1
DA:23,1
DA:24,1
DA:25,1
LF:8
LH:8
end_of_record
SF:lib/common/failure.dart
DA:6,3
DA:8,3
DA:9,6
DA:13,6
DA:17,4
DA:21,4
LF:6
LH:6
end_of_record
SF:lib/data/models/episode_model.dart
DA:20,7
DA:36,6
DA:37,3
DA:38,3
DA:39,3
DA:40,6
DA:41,3
DA:42,3
DA:43,3
DA:44,3
DA:45,3
DA:46,3
DA:47,3
DA:48,3
DA:49,3
DA:52,4
DA:53,2
DA:54,2
DA:55,2
DA:56,2
DA:57,2
DA:58,2
DA:59,2
DA:60,2
DA:61,2
DA:62,2
DA:63,2
DA:64,2
DA:65,2
DA:68,4
DA:69,4
DA:70,4
DA:71,4
DA:72,4
DA:73,4
DA:74,4
DA:75,4
DA:76,4
DA:77,4
DA:78,4
DA:79,4
DA:80,4
DA:81,4
DA:82,4
DA:86,3
DA:87,3
DA:88,3
DA:89,3
DA:90,3
DA:91,3
DA:92,3
DA:93,3
DA:94,3
DA:95,3
DA:96,3
DA:97,3
DA:98,3
DA:99,3
DA:100,3
LF:59
LH:59
end_of_record
SF:lib/data/models/movie_detail_model.dart
DA:7,2
DA:53,1
DA:54,1
DA:55,1
DA:56,1
DA:57,1
DA:58,1
DA:59,4
DA:60,1
DA:61,1
DA:62,1
DA:63,1
DA:64,1
DA:65,1
DA:66,2
DA:67,1
DA:68,1
DA:69,1
DA:70,1
DA:71,1
DA:72,1
DA:73,1
DA:74,1
DA:75,2
DA:76,1
DA:79,0
DA:80,0
DA:81,0
DA:82,0
DA:83,0
DA:84,0
DA:85,0
DA:86,0
DA:87,0
DA:88,0
DA:89,0
DA:90,0
DA:91,0
DA:92,0
DA:93,0
DA:94,0
DA:95,0
DA:96,0
DA:97,0
DA:98,0
DA:99,0
DA:100,0
DA:103,1
DA:104,1
DA:105,1
DA:106,1
DA:107,5
DA:108,1
DA:109,1
DA:110,1
DA:111,1
DA:112,1
DA:113,1
DA:114,1
DA:115,1
DA:116,1
DA:120,1
DA:122,1
DA:123,1
DA:124,1
DA:125,1
DA:126,1
DA:127,1
DA:128,1
DA:129,1
DA:130,1
DA:131,1
DA:132,1
DA:133,1
DA:134,1
DA:135,1
DA:136,1
DA:137,1
DA:138,1
DA:139,1
DA:140,1
DA:141,1
DA:142,1
DA:143,1
LF:84
LH:62
end_of_record
SF:lib/data/models/movie_model.dart
DA:6,4
DA:38,4
DA:39,2
DA:40,2
DA:41,8
DA:42,2
DA:43,2
DA:44,2
DA:45,4
DA:46,2
DA:47,2
DA:48,2
DA:49,2
DA:50,4
DA:51,2
DA:54,2
DA:55,1
DA:56,1
DA:57,4
DA:58,1
DA:59,1
DA:60,1
DA:61,1
DA:62,1
DA:63,1
DA:64,1
DA:65,1
DA:66,1
DA:67,1
DA:70,2
DA:71,2
DA:72,2
DA:73,2
DA:74,2
DA:75,2
DA:76,2
DA:77,2
DA:78,2
DA:79,2
DA:80,2
DA:81,2
DA:82,2
DA:83,2
DA:84,2
DA:88,2
DA:89,2
DA:90,2
DA:91,2
DA:92,2
DA:93,2
DA:94,2
DA:95,2
DA:96,2
DA:97,2
DA:98,2
DA:99,2
DA:100,2
DA:101,2
DA:102,2
LF:59
LH:59
end_of_record
SF:lib/data/models/tv_series_detail_model.dart
DA:37,6
DA:66,4
DA:67,2
DA:68,2
DA:69,8
DA:70,2
DA:71,10
DA:72,2
DA:73,2
DA:74,2
DA:75,8
DA:76,2
DA:77,2
DA:78,4
DA:79,2
DA:80,2
DA:81,4
DA:82,2
DA:83,2
DA:84,2
DA:85,2
DA:86,2
DA:87,4
DA:88,2
DA:89,10
DA:90,2
DA:91,2
DA:92,2
DA:93,4
DA:94,2
DA:97,2
DA:98,1
DA:99,1
DA:100,4
DA:101,1
DA:102,5
DA:103,1
DA:104,1
DA:105,1
DA:106,4
DA:107,1
DA:108,2
DA:109,1
DA:110,2
DA:111,1
DA:112,1
DA:113,1
DA:114,1
DA:115,1
DA:116,1
DA:117,1
DA:118,5
DA:119,1
DA:120,1
DA:121,1
DA:122,1
DA:123,1
DA:126,4
DA:127,4
DA:128,4
DA:129,4
DA:130,4
DA:131,20
DA:132,4
DA:133,4
DA:134,4
DA:135,4
DA:136,7
DA:137,4
DA:138,7
DA:139,4
DA:140,4
DA:141,4
DA:142,4
DA:143,4
DA:144,4
DA:145,18
DA:146,4
DA:147,4
DA:148,4
DA:149,4
DA:150,4
DA:153,2
DA:155,2
DA:156,2
DA:157,2
DA:158,2
DA:159,2
DA:160,2
DA:161,2
DA:162,2
DA:163,2
DA:164,2
DA:165,2
DA:166,2
DA:167,2
DA:168,2
DA:169,2
DA:170,2
DA:171,2
DA:172,2
DA:173,2
DA:174,2
DA:175,2
DA:176,2
DA:177,2
DA:178,2
LF:107
LH:107
end_of_record
SF:lib/data/models/tv_series_model.dart
DA:21,4
DA:38,4
DA:39,2
DA:40,2
DA:41,8
DA:42,2
DA:43,8
DA:44,2
DA:45,2
DA:46,2
DA:47,4
DA:48,2
DA:49,2
DA:50,2
DA:51,4
DA:52,2
DA:55,2
DA:56,1
DA:57,1
DA:58,4
DA:59,1
DA:60,4
DA:61,1
DA:62,1
DA:63,1
DA:64,1
DA:65,1
DA:66,1
DA:67,1
DA:68,1
DA:69,1
DA:72,2
DA:73,2
DA:74,2
DA:75,2
DA:76,2
DA:77,2
DA:78,2
DA:79,2
DA:80,2
DA:81,2
DA:82,2
DA:83,2
DA:84,2
DA:85,2
DA:86,2
DA:87,2
DA:91,2
DA:92,2
DA:93,2
DA:94,2
DA:95,2
DA:96,2
DA:97,2
DA:98,2
DA:99,2
DA:100,2
DA:101,2
DA:102,2
DA:103,2
DA:104,2
DA:105,2
DA:106,2
LF:63
LH:63
end_of_record
SF:lib/data/sources/db/database_helper.dart
DA:10,0
DA:14,0
DA:18,0
DA:19,0
DA:25,0
DA:26,0
DA:27,0
DA:29,0
DA:33,0
DA:34,0
DA:46,0
DA:47,0
DA:48,0
DA:51,0
DA:52,0
DA:53,0
DA:56,0
DA:60,0
DA:61,0
DA:62,0
DA:65,0
DA:68,0
DA:69,0
DA:75,0
DA:76,0
DA:77,0
LF:26
LH:0
end_of_record
SF:lib/data/sources/movie_remote_data_source.dart
DA:24,1
DA:26,1
DA:29,3
DA:31,2
DA:32,4
DA:34,1
DA:38,1
DA:41,4
DA:43,2
DA:44,3
DA:46,1
DA:50,1
DA:52,1
DA:53,3
DA:55,2
DA:56,4
DA:58,1
DA:62,1
DA:65,3
DA:67,2
DA:68,4
DA:70,1
DA:74,1
DA:77,3
DA:79,2
DA:80,4
DA:82,1
DA:86,1
DA:88,1
DA:89,3
DA:91,2
DA:92,4
DA:94,1
LF:33
LH:33
end_of_record
SF:lib/data/sources/tv_series_remote_data_source.dart
DA:27,1
DA:29,1
DA:32,3
DA:34,2
DA:35,4
DA:37,1
DA:41,1
DA:44,4
DA:46,2
DA:47,3
DA:49,1
DA:53,1
DA:55,1
DA:56,3
DA:58,2
DA:59,4
DA:61,1
DA:65,1
DA:68,3
DA:70,2
DA:71,4
DA:73,1
DA:77,1
DA:80,3
DA:82,2
DA:83,4
DA:85,1
DA:89,1
DA:91,1
DA:92,3
DA:94,2
DA:95,4
DA:97,1
DA:101,1
DA:103,1
DA:104,3
DA:106,2
DA:107,4
DA:109,1
LF:39
LH:39
end_of_record
SF:lib/domain/entities/episode.dart
DA:18,4
DA:34,2
DA:35,2
DA:36,2
DA:37,2
DA:38,2
DA:39,2
DA:40,2
DA:41,2
DA:42,2
DA:43,2
DA:44,2
DA:45,2
DA:46,2
DA:47,2
DA:48,2
LF:16
LH:16
end_of_record
SF:lib/domain/entities/season.dart
DA:13,3
DA:24,1
DA:25,1
DA:26,1
DA:27,1
DA:28,1
DA:29,1
DA:30,1
DA:31,1
DA:32,1
DA:33,1
LF:11
LH:11
end_of_record
SF:lib/domain/entities/tv_series.dart
DA:19,2
DA:36,2
DA:37,2
DA:38,2
DA:39,2
DA:40,2
DA:41,2
DA:42,2
DA:43,2
DA:44,2
DA:45,2
DA:46,2
DA:47,2
DA:48,2
DA:49,2
DA:50,2
DA:51,2
LF:17
LH:17
end_of_record
SF:lib/domain/entities/tv_series_detail.dart
DA:32,4
DA:58,2
DA:59,2
DA:60,2
DA:61,2
DA:62,2
DA:63,2
DA:64,2
DA:65,2
DA:66,2
DA:67,2
DA:68,2
DA:69,2
DA:70,2
DA:71,2
DA:72,2
DA:73,2
DA:74,2
DA:75,2
DA:76,2
DA:77,2
DA:78,2
DA:79,2
DA:80,2
DA:81,2
DA:82,2
DA:83,2
LF:27
LH:27
end_of_record
SF:lib/common/constants.dart
DA:17,0
DA:18,0
DA:19,0
DA:21,0
DA:23,0
DA:27,0
DA:28,0
DA:29,0
DA:30,0
DA:31,0
LF:10
LH:0
end_of_record
SF:lib/data/models/episode_response.dart
DA:7,2
DA:9,2
DA:10,2
DA:11,4
DA:12,6
DA:15,2
DA:16,5
DA:19,1
DA:20,2
LF:9
LH:9
end_of_record
SF:lib/data/models/genre_model.dart
DA:6,10
DA:14,6
DA:15,3
DA:16,3
DA:19,4
DA:20,2
DA:21,2
DA:24,6
DA:25,18
DA:28,3
DA:29,9
LF:11
LH:11
end_of_record
SF:lib/data/models/movie_response.dart
DA:8,2
DA:10,4
DA:11,4
DA:12,6
DA:13,6
DA:16,2
DA:17,5
DA:20,1
DA:21,2
LF:9
LH:9
end_of_record
SF:lib/data/models/season_model.dart
DA:15,6
DA:26,4
DA:27,2
DA:28,2
DA:29,2
DA:30,2
DA:31,2
DA:32,2
DA:33,2
DA:34,4
DA:37,4
DA:38,2
DA:39,2
DA:40,2
DA:41,2
DA:42,2
DA:43,2
DA:44,2
DA:45,2
DA:48,3
DA:49,3
DA:50,3
DA:51,3
DA:52,3
DA:53,3
DA:54,3
DA:55,3
DA:56,3
DA:57,3
DA:60,2
DA:61,2
DA:62,2
DA:63,2
DA:64,2
DA:65,2
DA:66,2
DA:67,2
DA:68,2
DA:69,2
LF:39
LH:39
end_of_record
SF:lib/data/models/tv_series_response.dart
DA:7,2
DA:9,2
DA:10,2
DA:11,4
DA:12,6
DA:13,6
DA:16,2
DA:17,5
DA:20,1
DA:21,2
LF:10
LH:10
end_of_record
SF:lib/data/repositories/movie_repository_impl.dart
DA:19,1
DA:24,1
DA:27,2
DA:28,5
DA:29,1
DA:30,2
DA:31,1
DA:32,2
DA:36,1
DA:39,2
DA:40,2
DA:41,1
DA:42,2
DA:43,1
DA:44,2
DA:48,1
DA:51,2
DA:52,3
DA:53,1
DA:54,2
DA:55,1
DA:56,2
DA:60,1
DA:63,2
DA:64,5
DA:65,1
DA:66,2
DA:67,1
DA:68,2
DA:72,1
DA:75,2
DA:76,5
DA:77,1
DA:78,2
DA:79,1
DA:80,2
DA:84,1
DA:87,2
DA:88,1
DA:89,2
DA:91,5
DA:92,1
DA:93,2
DA:94,1
DA:95,2
DA:99,1
DA:103,3
DA:104,1
DA:105,1
DA:106,3
DA:112,1
DA:116,3
DA:117,1
DA:118,1
DA:119,3
DA:123,1
DA:125,2
DA:129,1
DA:131,2
DA:132,1
DA:133,2
DA:135,5
LF:62
LH:62
end_of_record
SF:lib/data/repositories/tv_series_repository_impl.dart
DA:21,1
DA:26,1
DA:29,2
DA:30,5
DA:31,1
DA:32,2
DA:33,1
DA:34,2
DA:38,1
DA:41,2
DA:42,5
DA:43,1
DA:44,2
DA:45,1
DA:46,2
DA:50,1
DA:53,2
DA:54,2
DA:55,1
DA:56,2
DA:57,1
DA:58,2
DA:62,1
DA:65,2
DA:66,5
DA:67,1
DA:68,2
DA:69,1
DA:70,2
DA:74,1
DA:77,2
DA:78,5
DA:79,1
DA:80,2
DA:81,1
DA:82,2
DA:86,1
DA:89,2
DA:90,1
DA:91,2
DA:93,5
DA:94,1
DA:95,2
DA:96,1
DA:97,2
DA:101,1
DA:103,2
DA:107,1
DA:110,2
DA:111,1
DA:113,1
DA:114,1
DA:115,3
DA:119,1
DA:122,2
DA:123,1
DA:125,1
DA:126,1
DA:127,3
DA:133,1
DA:137,1
DA:138,2
DA:139,5
DA:140,2
DA:141,3
DA:142,4
DA:143,1
DA:144,3
DA:145,1
DA:146,1
DA:147,4
DA:148,1
DA:150,1
DA:151,1
DA:152,2
DA:153,1
DA:154,2
LF:77
LH:77
end_of_record
SF:lib/domain/usecase/save_watchlist.dart
DA:13,1
DA:15,1
DA:16,2
DA:19,1
DA:20,2
LF:5
LH:5
end_of_record
SF:lib/domain/usecase/remove_watchlist.dart
DA:13,1
DA:15,1
DA:16,2
DA:19,1
DA:20,2
LF:5
LH:5
end_of_record
SF:lib/domain/usecase/get_watchlist.dart
DA:9,1
DA:11,1
DA:12,2
LF:3
LH:3
end_of_record
SF:lib/domain/usecase/get_watchlist_status.dart
DA:9,1
DA:11,1
DA:12,1
DA:13,2
DA:15,2
LF:5
LH:5
end_of_record
