SF:lib/domain/usecase/get_top_rated_movies.dart
DA:9,1
DA:11,1
DA:12,2
LF:3
LH:3
end_of_record
SF:lib/domain/usecase/get_movie_detail.dart
DA:9,1
DA:11,1
DA:12,2
LF:3
LH:3
end_of_record
SF:lib/domain/usecase/get_movie_recommendations.dart
DA:9,1
DA:11,1
DA:12,2
LF:3
LH:3
end_of_record
SF:lib/domain/usecase/get_now_playing_movies.dart
DA:9,1
DA:11,1
DA:12,2
LF:3
LH:3
end_of_record
SF:lib/domain/usecase/get_popular_movies.dart
DA:9,1
DA:11,1
DA:12,2
LF:3
LH:3
end_of_record
SF:lib/domain/usecase/search_movies.dart
DA:9,1
DA:11,1
DA:12,2
LF:3
LH:3
end_of_record
SF:lib/presentation/bloc/detail/movie_detail_bloc.dart
DA:23,1
DA:29,2
DA:31,2
DA:32,3
DA:33,3
DA:34,1
DA:35,4
DA:36,2
DA:37,4
DA:38,1
DA:41,3
DA:44,2
DA:45,3
DA:46,3
DA:47,1
DA:48,4
DA:49,2
DA:50,4
DA:51,1
DA:55,2
DA:56,1
DA:57,3
DA:59,3
DA:61,4
DA:64,2
DA:65,3
DA:66,3
LF:27
LH:27
end_of_record
SF:lib/presentation/bloc/detail/movie_detail_event.dart
DA:6,2
DA:8,0
DA:9,0
DA:15,1
DA:17,0
DA:18,0
DA:19,0
DA:26,1
DA:28,0
DA:29,0
DA:30,0
DA:38,1
DA:40,0
DA:41,0
DA:42,0
DA:49,1
DA:51,0
DA:52,0
LF:18
LH:5
end_of_record
SF:lib/presentation/bloc/detail/movie_detail_state.dart
DA:11,3
DA:17,1
DA:18,1
DA:19,1
DA:20,1
DA:21,1
DA:24,1
DA:29,1
DA:30,1
DA:31,1
DA:32,1
DA:36,1
LF:12
LH:12
end_of_record
SF:lib/presentation/bloc/top_rated/movie_top_rated_bloc.dart
DA:11,1
DA:13,2
DA:15,2
DA:16,3
DA:17,2
DA:18,1
DA:19,4
DA:20,2
DA:21,4
DA:22,1
LF:10
LH:10
end_of_record
SF:lib/presentation/bloc/top_rated/movie_top_rated_event.dart
DA:5,1
DA:7,0
DA:8,0
LF:3
LH:1
end_of_record
SF:lib/presentation/bloc/top_rated/movie_top_rated_state.dart
DA:8,3
DA:12,1
DA:13,1
DA:14,1
DA:17,1
DA:20,1
DA:21,0
DA:25,1
LF:8
LH:7
end_of_record
SF:lib/presentation/bloc/popular/movie_popular_bloc.dart
DA:11,1
DA:13,2
DA:15,2
DA:16,3
DA:17,2
DA:18,1
DA:19,4
DA:20,2
DA:21,4
DA:22,1
LF:10
LH:10
end_of_record
SF:lib/presentation/bloc/popular/movie_popular_event.dart
DA:5,1
DA:7,0
DA:8,0
LF:3
LH:1
end_of_record
SF:lib/presentation/bloc/popular/movie_popular_state.dart
DA:8,3
DA:12,1
DA:13,1
DA:14,1
DA:17,1
DA:20,1
DA:21,0
DA:25,1
LF:8
LH:7
end_of_record
SF:lib/presentation/bloc/main/movie_main_bloc.dart
DA:15,1
DA:19,2
DA:21,2
DA:22,2
DA:23,1
DA:24,4
DA:25,2
DA:26,4
DA:27,1
DA:31,2
DA:32,2
DA:33,1
DA:34,4
DA:35,2
DA:36,4
DA:37,1
DA:41,2
DA:42,2
DA:43,1
DA:44,4
DA:45,2
DA:46,4
DA:47,1
LF:23
LH:23
end_of_record
SF:lib/presentation/bloc/main/movie_main_event.dart
DA:5,1
DA:7,0
DA:8,0
DA:13,1
DA:15,0
DA:16,0
DA:21,1
DA:23,0
DA:24,0
DA:29,1
DA:31,0
DA:32,0
LF:12
LH:4
end_of_record
SF:lib/presentation/bloc/main/movie_main_state.dart
DA:10,3
DA:16,1
DA:17,1
DA:18,1
DA:19,1
DA:20,1
DA:23,1
DA:28,1
DA:29,1
DA:30,1
DA:31,1
DA:35,1
LF:12
LH:12
end_of_record
SF:lib/presentation/bloc/search/movie_search_bloc.dart
DA:11,1
DA:13,2
DA:15,2
DA:16,4
DA:17,3
DA:18,1
DA:19,4
DA:20,2
DA:21,4
DA:22,1
LF:10
LH:10
end_of_record
SF:lib/presentation/bloc/search/movie_search_event.dart
DA:7,2
DA:9,0
DA:10,0
LF:3
LH:1
end_of_record
SF:lib/presentation/bloc/search/movie_search_state.dart
DA:9,3
DA:14,1
DA:15,1
DA:16,1
DA:17,1
DA:20,1
DA:24,1
DA:25,1
DA:26,0
DA:30,1
LF:10
LH:9
end_of_record
