SF:lib/domain/usecase/get_tv_series_detail.dart
DA:9,1
DA:11,1
DA:12,2
LF:3
LH:3
end_of_record
SF:lib/domain/usecase/get_now_playing_series.dart
DA:9,1
DA:11,1
DA:12,2
LF:3
LH:3
end_of_record
SF:lib/domain/usecase/get_popular_series.dart
DA:9,1
DA:11,1
DA:12,2
LF:3
LH:3
end_of_record
SF:lib/domain/usecase/get_series_episode.dart
DA:10,1
DA:12,1
DA:13,2
LF:3
LH:3
end_of_record
SF:lib/domain/usecase/get_series_recommendations.dart
DA:9,1
DA:11,1
DA:12,2
LF:3
LH:3
end_of_record
SF:lib/domain/usecase/get_top_rated_series.dart
DA:9,1
DA:11,1
DA:12,2
LF:3
LH:3
end_of_record
SF:lib/domain/usecase/search_series.dart
DA:9,1
DA:11,1
DA:12,2
LF:3
LH:3
end_of_record
SF:lib/presentation/bloc/detail/series_detail_bloc.dart
DA:25,1
DA:32,2
DA:34,2
DA:35,3
DA:36,3
DA:37,1
DA:38,4
DA:39,2
DA:40,4
DA:41,1
DA:44,3
DA:47,2
DA:48,3
DA:49,3
DA:50,1
DA:51,4
DA:52,2
DA:53,4
DA:54,1
DA:58,2
DA:59,3
DA:60,3
DA:61,1
DA:62,0
DA:63,0
DA:64,4
DA:65,1
DA:69,2
DA:70,1
DA:71,3
DA:73,3
DA:75,4
DA:78,2
DA:79,3
DA:80,3
LF:35
LH:33
end_of_record
SF:lib/presentation/bloc/detail/series_detail_event.dart
DA:6,2
DA:8,0
DA:9,0
DA:15,1
DA:17,0
DA:18,0
DA:19,0
DA:26,1
DA:28,0
DA:29,0
DA:30,0
DA:37,1
DA:39,0
DA:40,0
DA:41,0
DA:49,1
DA:51,0
DA:52,0
DA:53,0
DA:54,0
DA:61,1
DA:63,0
DA:64,0
DA:65,0
LF:24
LH:6
end_of_record
SF:lib/presentation/bloc/detail/series_detail_state.dart
DA:14,15
DA:21,1
DA:22,1
DA:23,1
DA:24,1
DA:25,1
DA:26,1
DA:29,1
DA:35,1
DA:36,1
DA:37,1
DA:38,1
DA:39,1
DA:43,1
LF:14
LH:14
end_of_record
SF:lib/presentation/bloc/popular/series_popular_bloc.dart
DA:11,1
DA:13,2
DA:15,2
DA:16,3
DA:17,2
DA:18,1
DA:19,4
DA:20,2
DA:21,4
DA:22,1
LF:10
LH:10
end_of_record
SF:lib/presentation/bloc/popular/series_popular_event.dart
DA:5,1
DA:7,0
DA:8,0
LF:3
LH:1
end_of_record
SF:lib/presentation/bloc/popular/series_popular_state.dart
DA:8,3
DA:12,1
DA:13,1
DA:14,1
DA:17,1
DA:20,1
DA:21,0
DA:25,1
LF:8
LH:7
end_of_record
SF:lib/presentation/bloc/top_rated/series_top_rated_bloc.dart
DA:12,1
DA:14,2
DA:16,2
DA:17,3
DA:18,2
DA:19,1
DA:20,4
DA:21,2
DA:22,4
DA:23,1
LF:10
LH:10
end_of_record
SF:lib/presentation/bloc/top_rated/series_top_rated_event.dart
DA:5,1
DA:7,0
DA:8,0
LF:3
LH:1
end_of_record
SF:lib/presentation/bloc/top_rated/series_top_rated_state.dart
DA:8,3
DA:12,1
DA:13,1
DA:14,1
DA:17,1
DA:20,1
DA:21,0
DA:25,1
LF:8
LH:7
end_of_record
SF:lib/presentation/bloc/search/series_search_bloc.dart
DA:12,1
DA:14,2
DA:16,2
DA:17,3
DA:19,1
DA:21,3
DA:22,1
DA:23,4
DA:24,2
DA:25,4
DA:26,1
LF:11
LH:11
end_of_record
SF:lib/presentation/bloc/search/series_search_event.dart
DA:7,1
DA:9,0
DA:10,0
DA:11,0
LF:4
LH:1
end_of_record
SF:lib/presentation/bloc/search/series_search_state.dart
DA:9,3
DA:14,1
DA:15,1
DA:16,1
DA:19,1
DA:23,1
DA:24,0
DA:25,1
DA:29,1
LF:9
LH:8
end_of_record
SF:lib/presentation/bloc/main/series_main_bloc.dart
DA:15,1
DA:19,2
DA:21,2
DA:22,3
DA:23,2
DA:24,1
DA:25,4
DA:26,2
DA:27,4
DA:28,1
DA:32,2
DA:33,3
DA:34,2
DA:35,1
DA:36,4
DA:37,2
DA:38,4
DA:39,1
DA:43,2
DA:44,3
DA:45,2
DA:46,1
DA:47,4
DA:48,2
DA:49,4
DA:50,1
LF:26
LH:26
end_of_record
SF:lib/presentation/bloc/main/series_main_event.dart
DA:5,1
DA:7,0
DA:8,0
DA:13,1
DA:15,0
DA:16,0
DA:21,1
DA:23,0
DA:24,0
DA:29,1
DA:31,0
DA:32,0
LF:12
LH:4
end_of_record
SF:lib/presentation/bloc/main/series_main_state.dart
DA:10,3
DA:16,1
DA:17,1
DA:18,1
DA:19,1
DA:20,1
DA:23,1
DA:28,1
DA:29,1
DA:30,1
DA:31,1
DA:35,1
LF:12
LH:12
end_of_record
SF:lib/presentation/bloc/now_playing/series_now_playing_bloc.dart
DA:12,1
DA:14,2
DA:16,2
DA:17,3
DA:18,2
DA:19,1
DA:20,4
DA:21,2
DA:22,4
DA:23,1
LF:10
LH:10
end_of_record
SF:lib/presentation/bloc/now_playing/series_now_playing_event.dart
DA:5,1
DA:7,0
DA:8,0
LF:3
LH:1
end_of_record
SF:lib/presentation/bloc/now_playing/series_now_playing_state.dart
DA:8,3
DA:12,1
DA:13,1
DA:14,1
DA:17,1
DA:20,1
DA:21,0
DA:25,1
LF:8
LH:7
end_of_record
